\BOOKMARK [0][-]{chapter.1}{\376\377\0001\000\040\000I\000n\000t\000r\000o\000d\000u\000c\000t\000i\000o\000n}{}% 1
\BOOKMARK [0][-]{chapter.2}{\376\377\0002\000\040\000F\000u\000n\000d\000a\000m\000e\000n\000t\000a\000l\000\040\000C\000o\000n\000c\000e\000p\000t\000s}{}% 2
\BOOKMARK [1][-]{section.2.1}{\376\377\0002\000.\0001\000\040\000W\000h\000y\000\040\000X\000-\000r\000a\000y\000\040\000f\000r\000e\000e\000\040\000e\000l\000e\000c\000t\000r\000o\000n\000\040\000l\000a\000s\000e\000r\000s\000?}{chapter.2}% 3
\BOOKMARK [2][-]{subsection.2.1.1}{\376\377\0002\000.\0001\000.\0001\000\040\000F\000r\000o\000m\000\040\000b\000e\000n\000d\000i\000n\000g\000\040\000m\000a\000g\000n\000e\000t\000s\000\040\000t\000o\000\040\000u\000n\000d\000u\000l\000a\000t\000o\000r\000s}{section.2.1}% 4
\BOOKMARK [2][-]{subsection.2.1.2}{\376\377\0002\000.\0001\000.\0002\000\040\000S\000e\000l\000f\000-\000a\000m\000p\000l\000i\000f\000i\000c\000a\000t\000i\000o\000n\000\040\000b\000y\000\040\000s\000p\000o\000n\000t\000a\000n\000e\000o\000u\000s\000\040\000e\000m\000i\000s\000s\000i\000o\000n}{section.2.1}% 5
\BOOKMARK [2][-]{subsection.2.1.3}{\376\377\0002\000.\0001\000.\0003\000\040\000S\000o\000f\000t\000\040\000X\000-\000r\000a\000y\000\040\000s\000e\000l\000f\000-\000s\000e\000e\000d\000i\000n\000g}{section.2.1}% 6
\BOOKMARK [2][-]{subsection.2.1.4}{\376\377\0002\000.\0001\000.\0004\000\040\000N\000o\000v\000e\000l\000\040\000X\000-\000r\000a\000y\000\040\000p\000u\000m\000p\040\023\000X\000-\000r\000a\000y\000\040\000p\000r\000o\000b\000e\000\040\000t\000e\000c\000h\000n\000i\000q\000u\000e\000s}{section.2.1}% 7
\BOOKMARK [1][-]{section.2.2}{\376\377\0002\000.\0002\000\040\000R\000a\000r\000e\000-\000g\000a\000s\000\040\000c\000l\000u\000s\000t\000e\000r\000s}{chapter.2}% 8
\BOOKMARK [2][-]{subsection.2.2.1}{\376\377\0002\000.\0002\000.\0001\000\040\000P\000r\000o\000d\000u\000c\000t\000i\000o\000n\000\040\000o\000f\000\040\000h\000o\000m\000o\000g\000e\000n\000o\000u\000s\000\040\000c\000l\000u\000s\000t\000e\000r\000s\000:\000\040\000T\000h\000e\000\040\000s\000u\000p\000e\000r\000s\000o\000n\000i\000c\000\040\000g\000a\000s\000\040\000e\000x\000p\000a\000n\000s\000i\000o\000n}{section.2.2}% 9
\BOOKMARK [2][-]{subsection.2.2.2}{\376\377\0002\000.\0002\000.\0002\000\040\000C\000r\000e\000a\000t\000i\000o\000n\000\040\000o\000f\000\040\000h\000e\000t\000e\000r\000o\000g\000e\000n\000e\000o\000u\000s\000\040\000c\000l\000u\000s\000t\000e\000r\000s\000:\000\040\000T\000h\000e\000\040\000p\000i\000c\000k\000u\000p\000\040\000p\000r\000i\000n\000c\000i\000p\000l\000e}{section.2.2}% 10
\BOOKMARK [1][-]{section.2.3}{\376\377\0002\000.\0003\000\040\000F\000u\000n\000d\000a\000m\000e\000n\000t\000a\000l\000\040\000p\000r\000o\000c\000e\000s\000s\000e\000s\000\040\000o\000f\000\040\000s\000o\000f\000t\000\040\000X\000-\000r\000a\000y\000s\000\040\000a\000n\000d\000\040\000n\000a\000n\000o\000p\000a\000r\000t\000i\000c\000l\000e\000s}{chapter.2}% 11
\BOOKMARK [2][-]{subsection.2.3.1}{\376\377\0002\000.\0003\000.\0001\000\040\000P\000h\000o\000t\000o\000i\000o\000n\000i\000z\000a\000t\000i\000o\000n\000\040\000a\000n\000d\000\040\000c\000o\000r\000e\000-\000h\000o\000l\000e\000\040\000d\000e\000c\000a\000y}{section.2.3}% 12
\BOOKMARK [2][-]{subsection.2.3.2}{\376\377\0002\000.\0003\000.\0002\000\040\000F\000r\000o\000m\000\040\000T\000h\000o\000m\000s\000o\000n\000\040\000s\000c\000a\000t\000t\000e\000r\000i\000n\000g\000\040\000t\000o\000\040\000d\000i\000f\000f\000r\000a\000c\000t\000i\000v\000e\000\040\000i\000m\000a\000g\000i\000n\000g}{section.2.3}% 13
\BOOKMARK [2][-]{subsection.2.3.3}{\376\377\0002\000.\0003\000.\0003\000\040\000G\000e\000n\000e\000r\000a\000l\000i\000z\000e\000d\000\040\000i\000n\000d\000e\000x\000\040\000o\000f\000\040\000r\000e\000f\000r\000a\000c\000t\000i\000o\000n}{section.2.3}% 14
\BOOKMARK [1][-]{section.2.4}{\376\377\0002\000.\0004\000\040\000C\000l\000u\000s\000t\000e\000r\000s\000\040\000i\000n\000\040\000i\000n\000t\000e\000n\000s\000e\000\040\000s\000o\000f\000t\000\040\000X\000-\000r\000a\000y\000\040\000p\000u\000l\000s\000e\000s}{chapter.2}% 15
\BOOKMARK [2][-]{subsection.2.4.1}{\376\377\0002\000.\0004\000.\0001\000\040\000F\000o\000r\000m\000a\000t\000i\000o\000n\000\040\000a\000n\000d\000\040\000e\000x\000p\000a\000n\000s\000i\000o\000n\000\040\000o\000f\000\040\000a\000\040\000n\000a\000n\000o\000p\000l\000a\000s\000m\000a}{section.2.4}% 16
\BOOKMARK [2][-]{subsection.2.4.2}{\376\377\0002\000.\0004\000.\0002\000\040\000S\000a\000c\000r\000i\000f\000i\000c\000i\000a\000l\000\040\000l\000a\000y\000e\000r\000s\000\040\000s\000l\000o\000w\000\040\000t\000h\000e\000\040\000n\000a\000n\000o\000p\000l\000a\000s\000m\000a\000\040\000e\000x\000p\000a\000n\000s\000i\000o\000n}{section.2.4}% 17
\BOOKMARK [0][-]{chapter.3}{\376\377\0003\000\040\000E\000x\000p\000e\000r\000i\000m\000e\000n\000t\000a\000l\000\040\000C\000o\000n\000s\000i\000d\000e\000r\000a\000t\000i\000o\000n\000s}{}% 18
\BOOKMARK [1][-]{section.3.1}{\376\377\0003\000.\0001\000\040\000T\000h\000e\000\040\000X\000-\000r\000a\000y\000\040\000b\000e\000a\000m\000\040\000t\000r\000a\000n\000s\000p\000o\000r\000t\000\040\000t\000o\000\040\000t\000h\000e\000\040\000L\000A\000M\000P\000\040\000e\000n\000d\000-\000s\000t\000a\000t\000i\000o\000n}{chapter.3}% 19
\BOOKMARK [1][-]{section.3.2}{\376\377\0003\000.\0002\000\040\000T\000h\000e\000\040\000L\000A\000M\000P\000\040\000e\000n\000d\000-\000s\000t\000a\000t\000i\000o\000n\000\040\000a\000t\000\040\000t\000h\000e\000\040\000A\000M\000O\000\040\000i\000n\000s\000t\000r\000u\000m\000e\000n\000t}{chapter.3}% 20
\BOOKMARK [1][-]{section.3.3}{\376\377\0003\000.\0003\000\040\000T\000h\000e\000\040\000l\000a\000r\000g\000e\000\040\000a\000r\000e\000a\000\040\000p\000n\000C\000C\000D\000\040\000d\000e\000t\000e\000c\000t\000o\000r\000s}{chapter.3}% 21
\BOOKMARK [1][-]{section.3.4}{\376\377\0003\000.\0004\000\040\000S\000a\000m\000p\000l\000e\000\040\000d\000e\000l\000i\000v\000e\000r\000y}{chapter.3}% 22
\BOOKMARK [2][-]{subsection.3.4.1}{\376\377\0003\000.\0004\000.\0001\000\040\000S\000a\000m\000p\000l\000e\000\040\000j\000e\000t\000\040\000t\000i\000m\000i\000n\000g\000\040\000a\000t\000\040\000L\000C\000L\000S}{section.3.4}% 23
\BOOKMARK [1][-]{section.3.5}{\376\377\0003\000.\0005\000\040\000T\000i\000m\000e\000-\000o\000f\000-\000f\000l\000i\000g\000h\000t\000\040\000m\000a\000s\000s\000-\000s\000p\000e\000c\000t\000r\000o\000m\000e\000t\000e\000r}{chapter.3}% 24
\BOOKMARK [1][-]{section.3.6}{\376\377\0003\000.\0006\000\040\000X\000-\000r\000a\000y\000\040\000f\000o\000c\000u\000s\000\040\000c\000h\000a\000r\000a\000c\000t\000e\000r\000i\000z\000a\000t\000i\000o\000n}{chapter.3}% 25
\BOOKMARK [2][-]{subsection.3.6.1}{\376\377\0003\000.\0006\000.\0001\000\040\000F\000o\000c\000u\000s\000\040\000c\000h\000a\000r\000a\000c\000t\000e\000r\000i\000z\000a\000t\000i\000o\000n\000\040\000u\000s\000i\000n\000g\000\040\000a\000\040\000T\000O\000F\000\040\000s\000p\000e\000c\000t\000r\000o\000m\000e\000t\000e\000r}{section.3.6}% 26
\BOOKMARK [2][-]{subsection.3.6.2}{\376\377\0003\000.\0006\000.\0002\000\040\000F\000o\000c\000u\000s\000\040\000c\000h\000a\000r\000a\000c\000t\000e\000r\000i\000z\000a\000t\000i\000o\000n\000\040\000v\000i\000a\000\040\000a\000n\000\040\000i\000m\000p\000r\000i\000n\000t\000\040\000s\000t\000u\000d\000y}{section.3.6}% 27
\BOOKMARK [0][-]{chapter.4}{\376\377\0004\000\040\000M\000e\000t\000h\000o\000d\000s}{}% 28
\BOOKMARK [1][-]{section.4.1}{\376\377\0004\000.\0001\000\040\000T\000h\000e\000\040\000c\000o\000m\000p\000u\000t\000i\000n\000g\000\040\000e\000n\000v\000i\000r\000o\000n\000m\000e\000n\000t\000\040\000a\000t\000\040\000L\000C\000L\000S}{chapter.4}% 29
\BOOKMARK [1][-]{section.4.2}{\376\377\0004\000.\0002\000\040\000p\000n\000C\000C\000D\000\040\000p\000h\000o\000t\000o\000n\000\040\000d\000e\000t\000e\000c\000t\000o\000r\000s}{chapter.4}% 30
\BOOKMARK [2][-]{subsection.4.2.1}{\376\377\0004\000.\0002\000.\0001\000\040\000C\000o\000m\000b\000i\000n\000i\000n\000g\000\040\000m\000u\000l\000t\000i\000p\000l\000e\000\040\000p\000n\000C\000C\000D\000\040\000d\000e\000t\000e\000c\000t\000o\000r\000s}{section.4.2}% 31
\BOOKMARK [1][-]{section.4.3}{\376\377\0004\000.\0003\000\040\000P\000h\000a\000s\000e\000\040\000r\000e\000t\000r\000i\000e\000v\000a\000l\000\040\000f\000r\000o\000m\000\040\000a\000\040\000s\000i\000n\000g\000l\000e\000\040\000d\000i\000f\000f\000r\000a\000c\000t\000i\000o\000n\000\040\000p\000a\000t\000t\000e\000r\000n}{chapter.4}% 32
\BOOKMARK [2][-]{subsection.4.3.1}{\376\377\0004\000.\0003\000.\0001\000\040\000P\000r\000i\000n\000c\000i\000p\000l\000e\000\040\000o\000f\000\040\000p\000h\000a\000s\000e\000\040\000r\000e\000t\000r\000i\000e\000v\000a\000l}{section.4.3}% 33
\BOOKMARK [2][-]{subsection.4.3.2}{\376\377\0004\000.\0003\000.\0002\000\040\0002\000D\000\040\000r\000e\000c\000o\000n\000s\000t\000r\000u\000c\000t\000i\000o\000n\000s\000\040\000a\000n\000d\000\040\000i\000m\000a\000g\000e\000\040\000r\000e\000s\000o\000l\000u\000t\000i\000o\000n}{section.4.3}% 34
\BOOKMARK [2][-]{subsection.4.3.3}{\376\377\0004\000.\0003\000.\0003\000\040\0001\000D\000\040\000p\000r\000o\000j\000e\000c\000t\000i\000o\000n\000s\000\040\000a\000n\000d\000\040\000p\000h\000a\000s\000e\000\040\000r\000e\000c\000o\000n\000s\000t\000r\000u\000c\000t\000i\000o\000n\000s}{section.4.3}% 35
\BOOKMARK [1][-]{section.4.4}{\376\377\0004\000.\0004\000\040\000I\000m\000p\000a\000c\000t\000\040\000o\000f\000\040\000t\000h\000e\000\040\000X\000-\000r\000a\000y\000\040\000p\000u\000m\000p\040\023\000X\000-\000r\000a\000y\000\040\000p\000r\000o\000b\000e\000\040\000o\000n\000\040\000d\000i\000f\000f\000r\000a\000c\000t\000i\000o\000n\000\040\000p\000a\000t\000t\000e\000r\000n}{chapter.4}% 36
\BOOKMARK [1][-]{section.4.5}{\376\377\0004\000.\0005\000\040\0002\000D\000\040\000e\000l\000e\000c\000t\000r\000o\000n\000\040\000d\000e\000n\000s\000i\000t\000y\000\040\000a\000n\000d\000\040\000d\000i\000f\000f\000r\000a\000c\000t\000i\000o\000n\000\040\000i\000m\000a\000g\000e\000\040\000s\000i\000m\000u\000l\000a\000t\000i\000o\000n\000s}{chapter.4}% 37
\BOOKMARK [1][-]{section.4.6}{\376\377\0004\000.\0006\000\040\000D\000a\000t\000a\000\040\000f\000i\000l\000t\000e\000r\000i\000n\000g}{chapter.4}% 38
\BOOKMARK [0][-]{chapter.5}{\376\377\0005\000\040\000R\000e\000s\000u\000l\000t\000s\000\040\000a\000n\000d\000\040\000d\000i\000s\000c\000u\000s\000s\000i\000o\000n}{}% 39
\BOOKMARK [1][-]{section.5.1}{\376\377\0005\000.\0001\000\040\000I\000o\000n\000\040\000t\000i\000m\000e\000-\000o\000f\000-\000f\000l\000i\000g\000h\000t\000\040\000X\000-\000r\000a\000y\000\040\000p\000u\000m\000p\040\023\000X\000-\000r\000a\000y\000\040\000p\000r\000o\000b\000e\000\040\000d\000a\000t\000a}{chapter.5}% 40
\BOOKMARK [2][-]{subsection.5.1.1}{\376\377\0005\000.\0001\000.\0001\000\040\000T\000i\000m\000e\000-\000d\000e\000p\000e\000n\000d\000e\000n\000t\000\040\000r\000e\000s\000p\000o\000n\000s\000e\000\040\000o\000f\000\040\000X\000e\000-\000a\000t\000o\000m\000s\000\040\000a\000n\000d\000\040\000-\000c\000l\000u\000s\000t\000e\000r\000s\000\040\000t\000o\000\040\000i\000n\000t\000e\000n\000s\000e\000\040\000X\000-\000r\000a\000y\000s}{section.5.1}% 41
\BOOKMARK [2][-]{subsection.5.1.2}{\376\377\0005\000.\0001\000.\0002\000\040\000T\000i\000m\000e\000-\000r\000e\000s\000o\000l\000v\000e\000d\000\040\000r\000e\000s\000p\000o\000n\000s\000e\000\040\000o\000f\000\040\000h\000i\000g\000h\000l\000y\000\040\000i\000o\000n\000i\000z\000e\000d\000\040\000H\000e\000-\000\040\000a\000n\000d\000\040\000H\000e\000X\000e\000-\000c\000l\000u\000s\000t\000e\000r\000s}{section.5.1}% 42
\BOOKMARK [1][-]{section.5.2}{\376\377\0005\000.\0002\000\040\000S\000c\000a\000t\000t\000e\000r\000i\000n\000g\000\040\000r\000e\000s\000p\000o\000n\000s\000e\000\040\000o\000f\000\040\000r\000a\000r\000e\000-\000g\000a\000s\000\040\000c\000l\000u\000s\000t\000e\000r\000s}{chapter.5}% 43
\BOOKMARK [2][-]{subsection.5.2.1}{\376\377\0005\000.\0002\000.\0001\000\040\000S\000t\000r\000u\000c\000t\000u\000r\000a\000l\000\040\000d\000a\000m\000a\000g\000e\000\040\000i\000n\000\040\000X\000e\000-\000c\000l\000u\000s\000t\000e\000r\000s\000\040\000i\000n\000d\000u\000c\000e\000d\000\040\000b\000y\000\040\000i\000n\000t\000e\000n\000s\000e\000\040\000X\000-\000r\000a\000y\000s}{section.5.2}% 44
\BOOKMARK [2][-]{subsection.5.2.2}{\376\377\0005\000.\0002\000.\0002\000\040\000X\000-\000r\000a\000y\000\040\000i\000n\000d\000u\000c\000e\000d\000\040\000d\000a\000m\000a\000g\000e\000\040\000i\000n\000\040\000p\000r\000i\000s\000t\000i\000n\000e\000\040\000H\000e\000-\000c\000l\000u\000s\000t\000e\000r}{section.5.2}% 45
\BOOKMARK [2][-]{subsection.5.2.3}{\376\377\0005\000.\0002\000.\0003\000\040\000C\000o\000n\000d\000e\000n\000s\000a\000t\000i\000o\000n\000\040\000o\000f\000\040\000x\000e\000n\000o\000n\000\040\000i\000n\000\040\000h\000e\000l\000i\000u\000m\000\040\000c\000l\000u\000s\000t\000e\000r\000:\000\040\000P\000l\000u\000m\000-\000p\000u\000d\000d\000i\000n\000g\000\040\000t\000y\000p\000e\000\040\000c\000l\000u\000s\000t\000e\000r}{section.5.2}% 46
\BOOKMARK [2][-]{subsection.5.2.4}{\376\377\0005\000.\0002\000.\0004\000\040\000U\000n\000d\000e\000r\000s\000t\000a\000n\000d\000i\000n\000g\000\040\000s\000a\000m\000p\000l\000e\000\040\000d\000a\000m\000a\000g\000e\000\040\000i\000n\000\040\000t\000h\000e\000\040\000p\000l\000u\000m\000-\000p\000u\000d\000d\000i\000n\000g\000\040\000t\000y\000p\000e\000\040\000c\000l\000u\000s\000t\000e\000r\000s}{section.5.2}% 47
\BOOKMARK [2][-]{subsection.5.2.5}{\376\377\0005\000.\0002\000.\0005\000\040\000S\000a\000c\000r\000i\000f\000i\000c\000i\000a\000l\000\040\000l\000a\000y\000e\000r\000s\000:\000\040\000C\000o\000m\000p\000a\000r\000i\000s\000o\000n\000\040\000o\000f\000\040\000s\000a\000m\000p\000l\000e\000\040\000d\000a\000m\000a\000g\000e\000\040\000i\000n\000\040\000H\000e\000X\000e\000-\000c\000l\000u\000s\000t\000e\000r}{section.5.2}% 48
\BOOKMARK [0][-]{chapter.6}{\376\377\0006\000\040\000S\000u\000m\000m\000a\000r\000y\000\040\000a\000n\000d\000\040\000o\000u\000t\000l\000o\000o\000k}{}% 49
\BOOKMARK [0][-]{chapter*.10}{\376\377\000A\000p\000p\000e\000n\000d\000i\000x}{}% 50
\BOOKMARK [1][-]{section.6.1}{\376\377\0001\000\040\000P\000y\000t\000h\000o\000n\000\040\000c\000o\000d\000e\000\040\000o\000n\000\040\000c\000o\000m\000b\000i\000n\000i\000n\000g\000\040\000d\000e\000t\000e\000c\000t\000o\000r\000s}{chapter*.10}% 51
\BOOKMARK [1][-]{section.6.2}{\376\377\0002\000\040\000M\000a\000t\000l\000a\000b\000\040\000c\000o\000d\000e\000\040\000o\000n\000\040\000s\000p\000h\000e\000r\000i\000c\000a\000l\000\040\000i\000n\000t\000e\000g\000r\000a\000t\000i\000o\000n\000s}{chapter*.10}% 52
\BOOKMARK [1][-]{section.6.3}{\376\377\0003\000\040\000P\000y\000t\000h\000o\000n\000\040\000c\000o\000d\000e\000\040\000o\000n\000\040\0001\000D\000\040\000p\000h\000a\000s\000e\000-\000r\000e\000t\000r\000i\000e\000v\000a\000l}{chapter*.10}% 53
\BOOKMARK [0][-]{chapter*.11}{\376\377\000B\000i\000b\000l\000i\000o\000g\000r\000a\000p\000h\000y}{}% 54
\BOOKMARK [0][-]{chapter*.12}{\376\377\000P\000u\000b\000l\000i\000k\000a\000t\000i\000o\000n\000s\000l\000i\000s\000t\000e}{}% 55
\BOOKMARK [0][-]{chapter*.13}{\376\377\000E\000i\000d\000e\000s\000s\000t\000a\000t\000t\000l\000i\000c\000h\000e\000\040\000V\000e\000r\000s\000i\000c\000h\000e\000r\000u\000n\000g}{}% 56
\BOOKMARK [0][-]{chapter*.14}{\376\377\000A\000c\000k\000n\000o\000w\000l\000e\000d\000g\000m\000e\000n\000t}{}% 57
